2021-09-17 15:55:51.560  INFO 10452 --- [main] lavalink.server.Launcher                 : 

[32m       .  [31m _                  _ _       _    [32m__ _ _
[32m      /\\ [31m| | __ ___   ____ _| (_)_ __ | | __[32m\ \ \ \
[32m     ( ( )[31m| |/ _` \ \ / / _` | | | '_ \| |/ /[32m \ \ \ \
[32m      \\/ [31m| | (_| |\ V / (_| | | | | | |   < [32m  ) ) ) )
[32m       '  [31m|_|\__,_| \_/ \__,_|_|_|_| |_|_|\_\[32m / / / /
[0m    =========================================[32m/_/_/_/[0m

	Version:        44fcfdf945fc6cd9ce6c96480d3b7dc098897a51-SNAPSHOT
	Build:          Unofficial
	Build time:     01.04.2021 09:53:06 UTC
	Branch          dev
	Commit:         44fcfdf
	Commit time:    01.04.2021 08:19:05 UTC
	JVM:            16.0.2
	Lavaplayer      1.3.74

2021-09-17 15:55:51.725  INFO 10452 --- [main] lavalink.server.Launcher                 : Starting Launcher on LAPTOP-50NB5OKU with PID 10452 (C:\Users\Maxsys\Desktop\Boringgg\Rythm-Bot--main\Rythm-Bot--main\Lavalink.jar started by Maxsys in C:\Users\Maxsys\Desktop\Boringgg\Rythm-Bot--main\Rythm-Bot--main)
2021-09-17 15:55:51.727  INFO 10452 --- [main] lavalink.server.Launcher                 : No active profile set, falling back to default profiles: default
2021-09-17 15:55:51.842  WARN 10452 --- [background-preinit] o.s.h.c.j.Jackson2ObjectMapperBuilder    : For Jackson Kotlin classes support please add "com.fasterxml.jackson.module:jackson-module-kotlin" to the classpath
2021-09-17 15:55:54.206  WARN 10452 --- [main] io.undertow.websockets.jsr               : UT026010: Buffer pool was not set on WebSocketDeploymentInfo, the default pool will be used
2021-09-17 15:55:54.255  INFO 10452 --- [main] io.undertow.servlet                      : Initializing Spring embedded WebApplicationContext
2021-09-17 15:55:54.255  INFO 10452 --- [main] o.s.web.context.ContextLoader            : Root WebApplicationContext: initialization completed in 2457 ms
2021-09-17 15:55:55.023  WARN 10452 --- [main] l.server.config.SentryConfiguration      : Turning off sentry
2021-09-17 15:55:55.830  INFO 10452 --- [main] c.s.d.l.tools.GarbageCollectionMonitor   : GC monitoring enabled, reporting results every 2 minutes.
2021-09-17 15:55:56.377  INFO 10452 --- [main] lavalink.server.config.KoeConfiguration  : OS: Windows 10, Arch: amd64
2021-09-17 15:55:56.378  WARN 10452 --- [main] lavalink.server.config.KoeConfiguration  : This system and architecture appears to not support native audio sending! GC pauses may cause your bot to stutter during playback.
2021-09-17 15:55:56.983  INFO 10452 --- [main] o.s.s.concurrent.ThreadPoolTaskExecutor  : Initializing ExecutorService 'applicationTaskExecutor'
2021-09-17 15:55:57.721  INFO 10452 --- [main] org.xnio                                 : XNIO version 3.3.8.Final
2021-09-17 15:55:57.750  INFO 10452 --- [main] org.xnio.nio                             : XNIO NIO Implementation Version 3.3.8.Final
2021-09-17 15:55:57.876  INFO 10452 --- [main] o.s.b.w.e.u.UndertowServletWebServer     : Undertow started on port(s) 2333 (http) with context path ''
2021-09-17 15:55:57.885  INFO 10452 --- [main] lavalink.server.Launcher                 : Started Launcher in 7.2 seconds (JVM running for 7.994)
2021-09-17 15:55:57.889  INFO 10452 --- [main] lavalink.server.Launcher                 : You can safely ignore the big red warning about illegal reflection. See https://github.com/Frederikam/Lavalink/issues/295
2021-09-17 15:56:00.117  INFO 10452 --- [XNIO-1 task-1] io.undertow.servlet                      : Initializing Spring DispatcherServlet 'dispatcherServlet'
2021-09-17 15:56:00.119  INFO 10452 --- [XNIO-1 task-1] o.s.web.servlet.DispatcherServlet        : Initializing Servlet 'dispatcherServlet'
2021-09-17 15:56:00.130  INFO 10452 --- [XNIO-1 task-1] o.s.web.servlet.DispatcherServlet        : Completed initialization in 10 ms
2021-09-17 15:56:00.163  INFO 10452 --- [XNIO-1 task-1] l.server.io.HandshakeInterceptorImpl     : Incoming connection from /127.0.0.1:49483
2021-09-17 15:56:00.258  INFO 10452 --- [XNIO-1 task-1] lavalink.server.io.SocketServer          : Connection successfully established from erela.js
2021-09-17 15:59:18.638  INFO 10452 --- [XNIO-1 task-2] l.server.player.AudioLoaderRestHandler   : Got request to load for identifier "ytsearch:heathens"
2021-09-17 15:59:20.094  INFO 10452 --- [lava-daemon-pool-info-loader-2-thread-1] lavalink.server.player.AudioLoader       : Loaded playlist Search results for: heathens
2021-09-17 15:59:20.161  INFO 10452 --- [XNIO-1 I/O-7] lavalink.server.io.SocketServer          : {"op":"volume","guildId":"736218174969741332","volume":50}
2021-09-17 15:59:20.168  INFO 10452 --- [XNIO-1 I/O-7] lavalink.server.io.SocketServer          : {"op":"volume","guildId":"736218174969741332","volume":100}
2021-09-17 15:59:20.170  INFO 10452 --- [XNIO-1 I/O-7] lavalink.server.io.SocketServer          : {"op":"play","guildId":"736218174969741332","track":"QAAAtQIATHR3ZW50eSBvbmUgcGlsb3RzOiBIZWF0aGVucyAoZnJvbSBTdWljaWRlIFNxdWFkOiBUaGUgQWxidW0pIFtPRkZJQ0lBTCBWSURFT10AD0Z1ZWxlZCBCeSBSYW1lbgAAAAAAA1OQAAtVcHJjcGR3dXdDZwABACtodHRwczovL3d3dy55b3V0dWJlLmNvbS93YXRjaD92PVVwcmNwZHd1d0NnAAd5b3V0dWJlAAAAAAAAAAA="}
2021-09-17 15:59:21.231  INFO 10452 --- [XNIO-1 I/O-7] lavalink.server.io.SocketServer          : {"sessionId":"f75abf43281a84864b9d79a410287f25","op":"voiceUpdate","guildId":"736218174969741332","event":{"token":"8291fafb4644b5ce","guild_id":"736218174969741332","endpoint":"hongkong2874.discord.media:443"}}
2021-09-17 15:59:49.068  INFO 10452 --- [XNIO-1 I/O-7] lavalink.server.io.SocketServer          : {"op":"pause","guildId":"736218174969741332","pause":true}
2021-09-17 16:01:45.719  INFO 10452 --- [XNIO-1 I/O-7] lavalink.server.io.SocketServer          : {"op":"pause","guildId":"736218174969741332","pause":false}
2021-09-17 16:04:56.991  INFO 10452 --- [XNIO-1 I/O-7] lavalink.server.io.SocketServer          : {"op":"destroy","guildId":"736218174969741332"}
2021-09-17 16:05:33.020  INFO 10452 --- [XNIO-1 task-4] l.server.io.HandshakeInterceptorImpl     : Incoming connection from /127.0.0.1:58821
2021-09-17 16:05:33.029  INFO 10452 --- [XNIO-1 task-4] lavalink.server.io.SocketServer          : Connection successfully established from erela.js
2021-09-17 16:06:12.786  INFO 10452 --- [XNIO-1 I/O-1] lavalink.server.io.SocketServer          : Connection closed from /127.0.0.1:58821 -- CloseStatus[code=1006, reason=]
2021-09-17 16:06:12.794  INFO 10452 --- [XNIO-1 I/O-1] lavalink.server.io.SocketContext         : Shutting down 0 playing players.
2021-09-17 16:07:25.329  INFO 5848 --- [main] lavalink.server.Launcher                 : 

[32m       .  [31m _                  _ _       _    [32m__ _ _
[32m      /\\ [31m| | __ ___   ____ _| (_)_ __ | | __[32m\ \ \ \
[32m     ( ( )[31m| |/ _` \ \ / / _` | | | '_ \| |/ /[32m \ \ \ \
[32m      \\/ [31m| | (_| |\ V / (_| | | | | | |   < [32m  ) ) ) )
[32m       '  [31m|_|\__,_| \_/ \__,_|_|_|_| |_|_|\_\[32m / / / /
[0m    =========================================[32m/_/_/_/[0m

	Version:        44fcfdf945fc6cd9ce6c96480d3b7dc098897a51-SNAPSHOT
	Build:          Unofficial
	Build time:     01.04.2021 09:53:06 UTC
	Branch          dev
	Commit:         44fcfdf
	Commit time:    01.04.2021 08:19:05 UTC
	JVM:            16.0.2
	Lavaplayer      1.3.74

2021-09-17 16:07:25.532  INFO 5848 --- [main] lavalink.server.Launcher                 : Starting Launcher on LAPTOP-50NB5OKU with PID 5848 (C:\Users\Maxsys\Desktop\Boringgg\Rythm-Bot--main\Muzik\Lavalink.jar started by Maxsys in C:\Users\Maxsys\Desktop\Boringgg\Rythm-Bot--main\Muzik)
2021-09-17 16:07:25.533  INFO 5848 --- [main] lavalink.server.Launcher                 : No active profile set, falling back to default profiles: default
2021-09-17 16:07:25.716  WARN 5848 --- [background-preinit] o.s.h.c.j.Jackson2ObjectMapperBuilder    : For Jackson Kotlin classes support please add "com.fasterxml.jackson.module:jackson-module-kotlin" to the classpath
2021-09-17 16:07:29.963  WARN 5848 --- [main] io.undertow.websockets.jsr               : UT026010: Buffer pool was not set on WebSocketDeploymentInfo, the default pool will be used
2021-09-17 16:07:30.049  INFO 5848 --- [main] io.undertow.servlet                      : Initializing Spring embedded WebApplicationContext
2021-09-17 16:07:30.050  INFO 5848 --- [main] o.s.web.context.ContextLoader            : Root WebApplicationContext: initialization completed in 4424 ms
2021-09-17 16:07:31.138  WARN 5848 --- [main] l.server.config.SentryConfiguration      : Turning off sentry
2021-09-17 16:07:32.194  INFO 5848 --- [main] c.s.d.l.tools.GarbageCollectionMonitor   : GC monitoring enabled, reporting results every 2 minutes.
2021-09-17 16:07:32.993  INFO 5848 --- [main] lavalink.server.config.KoeConfiguration  : OS: Windows 10, Arch: amd64
2021-09-17 16:07:33.001  WARN 5848 --- [main] lavalink.server.config.KoeConfiguration  : This system and architecture appears to not support native audio sending! GC pauses may cause your bot to stutter during playback.
2021-09-17 16:07:33.825  INFO 5848 --- [main] o.s.s.concurrent.ThreadPoolTaskExecutor  : Initializing ExecutorService 'applicationTaskExecutor'
2021-09-17 16:07:34.851  INFO 5848 --- [main] org.xnio                                 : XNIO version 3.3.8.Final
2021-09-17 16:07:34.889  INFO 5848 --- [main] org.xnio.nio                             : XNIO NIO Implementation Version 3.3.8.Final
2021-09-17 16:07:35.096  INFO 5848 --- [main] ConditionEvaluationReportLoggingListener : 

Error starting ApplicationContext. To display the conditions report re-run your application with 'debug' enabled.
2021-09-17 16:07:35.108 ERROR 5848 --- [main] lavalink.server.Launcher                 : Application failed

org.springframework.boot.web.server.PortInUseException: Port 2333 is already in use
	at org.springframework.boot.web.embedded.undertow.UndertowServletWebServer.start(UndertowServletWebServer.java:154) ~[spring-boot-2.1.8.RELEASE.jar!/:2.1.8.RELEASE]
	at org.springframework.boot.web.servlet.context.ServletWebServerApplicationContext.startWebServer(ServletWebServerApplicationContext.java:297) ~[spring-boot-2.1.8.RELEASE.jar!/:2.1.8.RELEASE]
	at org.springframework.boot.web.servlet.context.ServletWebServerApplicationContext.finishRefresh(ServletWebServerApplicationContext.java:163) ~[spring-boot-2.1.8.RELEASE.jar!/:2.1.8.RELEASE]
	at org.springframework.context.support.AbstractApplicationContext.refresh(AbstractApplicationContext.java:552) ~[spring-context-5.1.9.RELEASE.jar!/:5.1.9.RELEASE]
	at org.springframework.boot.web.servlet.context.ServletWebServerApplicationContext.refresh(ServletWebServerApplicationContext.java:141) ~[spring-boot-2.1.8.RELEASE.jar!/:2.1.8.RELEASE]
	at org.springframework.boot.SpringApplication.refresh(SpringApplication.java:744) ~[spring-boot-2.1.8.RELEASE.jar!/:2.1.8.RELEASE]
	at org.springframework.boot.SpringApplication.refreshContext(SpringApplication.java:391) ~[spring-boot-2.1.8.RELEASE.jar!/:2.1.8.RELEASE]
	at org.springframework.boot.SpringApplication.run(SpringApplication.java:312) ~[spring-boot-2.1.8.RELEASE.jar!/:2.1.8.RELEASE]
	at lavalink.server.Launcher.main(Launcher.kt:127) ~[classes!/:na]
	at java.base/jdk.internal.reflect.NativeMethodAccessorImpl.invoke0(Native Method) ~[na:na]
	at java.base/jdk.internal.reflect.NativeMethodAccessorImpl.invoke(NativeMethodAccessorImpl.java:78) ~[na:na]
	at java.base/jdk.internal.reflect.DelegatingMethodAccessorImpl.invoke(DelegatingMethodAccessorImpl.java:43) ~[na:na]
	at java.base/java.lang.reflect.Method.invoke(Method.java:567) ~[na:na]
	at org.springframework.boot.loader.MainMethodRunner.run(MainMethodRunner.java:48) ~[Lavalink.jar:na]
	at org.springframework.boot.loader.Launcher.launch(Launcher.java:87) ~[Lavalink.jar:na]
	at org.springframework.boot.loader.Launcher.launch(Launcher.java:51) ~[Lavalink.jar:na]
	at org.springframework.boot.loader.JarLauncher.main(JarLauncher.java:52) ~[Lavalink.jar:na]

2021-09-17 16:07:35.117 ERROR 5848 --- [main] o.s.b.d.LoggingFailureAnalysisReporter   : 

***************************
APPLICATION FAILED TO START
***************************

Description:

Web server failed to start. Port 2333 was already in use.

Action:

Identify and stop the process that's listening on port 2333 or configure this application to listen on another port.

2021-09-17 16:07:35.128  INFO 5848 --- [main] o.s.s.concurrent.ThreadPoolTaskExecutor  : Shutting down ExecutorService 'applicationTaskExecutor'
2021-09-17 16:07:35.131  INFO 5848 --- [main] c.s.d.l.tools.GarbageCollectionMonitor   : GC monitoring disabled.
2021-09-17 16:53:48.691  INFO 6072 --- [main] lavalink.server.Launcher                 : 

[32m       .  [31m _                  _ _       _    [32m__ _ _
[32m      /\\ [31m| | __ ___   ____ _| (_)_ __ | | __[32m\ \ \ \
[32m     ( ( )[31m| |/ _` \ \ / / _` | | | '_ \| |/ /[32m \ \ \ \
[32m      \\/ [31m| | (_| |\ V / (_| | | | | | |   < [32m  ) ) ) )
[32m       '  [31m|_|\__,_| \_/ \__,_|_|_|_| |_|_|\_\[32m / / / /
[0m    =========================================[32m/_/_/_/[0m

	Version:        44fcfdf945fc6cd9ce6c96480d3b7dc098897a51-SNAPSHOT
	Build:          Unofficial
	Build time:     01.04.2021 09:53:06 UTC
	Branch          dev
	Commit:         44fcfdf
	Commit time:    01.04.2021 08:19:05 UTC
	JVM:            16.0.2
	Lavaplayer      1.3.74

2021-09-17 16:53:48.835  INFO 6072 --- [main] lavalink.server.Launcher                 : Starting Launcher on LAPTOP-50NB5OKU with PID 6072 (C:\Users\Maxsys\Documents\GitHub\Muzik\Lavalink.jar started by Maxsys in C:\Users\Maxsys\Documents\GitHub\Muzik)
2021-09-17 16:53:48.836  INFO 6072 --- [main] lavalink.server.Launcher                 : No active profile set, falling back to default profiles: default
2021-09-17 16:53:49.077  WARN 6072 --- [background-preinit] o.s.h.c.j.Jackson2ObjectMapperBuilder    : For Jackson Kotlin classes support please add "com.fasterxml.jackson.module:jackson-module-kotlin" to the classpath
2021-09-17 16:53:51.367  WARN 6072 --- [main] io.undertow.websockets.jsr               : UT026010: Buffer pool was not set on WebSocketDeploymentInfo, the default pool will be used
2021-09-17 16:53:51.406  INFO 6072 --- [main] io.undertow.servlet                      : Initializing Spring embedded WebApplicationContext
2021-09-17 16:53:51.406  INFO 6072 --- [main] o.s.web.context.ContextLoader            : Root WebApplicationContext: initialization completed in 2442 ms
